<?xml version="1.0" encoding="UTF-8"?>
<!-- Generated by org.testng.reporters.JUnitReportReporter -->
<testsuite skipped="0" hostname="TSD-PRATIKSHYA" name="com.benchmark.testcases.home.VerifyLoginPageORR" tests="1" failures="0" timestamp="06 May 2019 11:25:07 GMT" time="3.665" errors="0">
  <testcase name="verifyLogin_TC1" time="3.665" classname="com.benchmark.testcases.home.VerifyLoginPageORR"/>
</testsuite> <!-- com.benchmark.testcases.home.VerifyLoginPageORR -->
