<?xml version="1.0" encoding="UTF-8"?>
<!-- Generated by org.testng.reporters.JUnitReportReporter -->
<testsuite skipped="0" hostname="TSD-PRATIKSHYA" name="com.benchmark.testcases.home.VerifyOralReadingRecordReportsORR" tests="1" failures="0" timestamp="29 May 2019 05:53:39 GMT" time="59.007" errors="0">
  <testcase name="verifyRHO_TC3" time="59.007" classname="com.benchmark.testcases.home.VerifyOralReadingRecordReportsORR"/>
</testsuite> <!-- com.benchmark.testcases.home.VerifyOralReadingRecordReportsORR -->
