<?xml version="1.0" encoding="UTF-8"?>
<!-- Generated by org.testng.reporters.JUnitReportReporter -->
<testsuite skipped="0" hostname="TSD-PRATIKSHYA" name="com.benchmark.test.BaseUITest" tests="1" failures="0" timestamp="28 May 2019 10:52:39 GMT" time="5.685" errors="0">
  <testcase name="TestSuites" time="5.685" classname="com.benchmark.test.BaseUITest"/>
</testsuite> <!-- com.benchmark.test.BaseUITest -->
